;  LST file generated by mikroListExporter - v.2.0 
; Date/Time: 1/23/2023 11:35:37 PM
;----------------------------------------------

;Address Opcode 	ASM
0x0000	0x2989      	GOTO       393
_interrupt:
0x0004	0x00FF      	MOVWF      R15
0x0005	0x0E03      	SWAPF      STATUS, 0
0x0006	0x0183      	CLRF       STATUS
0x0007	0x00B1      	MOVWF      ___saveSTATUS
0x0008	0x080A      	MOVF       PCLATH, 0
0x0009	0x00B2      	MOVWF      ___savePCLATH
0x000A	0x018A      	CLRF       PCLATH
0x000B	0x0870      	MOVF       R0, 0
0x000C	0x00A4      	MOVWF      36
0x000D	0x0871      	MOVF       R1, 0
0x000E	0x00A3      	MOVWF      35
0x000F	0x0872      	MOVF       R2, 0
0x0010	0x00A2      	MOVWF      34
0x0011	0x0873      	MOVF       R3, 0
0x0012	0x00A1      	MOVWF      33
0x0013	0x0874      	MOVF       R4, 0
0x0014	0x00A0      	MOVWF      32
;ProjectConnectFourCode.c,11 :: 		void interrupt(void){
;ProjectConnectFourCode.c,13 :: 		if(INTCON & 0x04){//TMR0 Overflow ISR, every 1ms
0x0015	0x1D0B      	BTFSS      INTCON, 2
0x0016	0x281E      	GOTO       L_interrupt0
;ProjectConnectFourCode.c,15 :: 		TMR0=248;
0x0017	0x30F8      	MOVLW      248
0x0018	0x0081      	MOVWF      TMR0
;ProjectConnectFourCode.c,16 :: 		tick++; // will increment every 1ms
0x0019	0x0AAF      	INCF       _tick, 1
0x001A	0x1903      	BTFSC      STATUS, 2
0x001B	0x0AB0      	INCF       _tick+1, 1
;ProjectConnectFourCode.c,17 :: 		INTCON = INTCON & 0xFB;// Clear T0IF
0x001C	0x30FB      	MOVLW      251
0x001D	0x058B      	ANDWF      INTCON, 1
;ProjectConnectFourCode.c,18 :: 		}
L_interrupt0:
;ProjectConnectFourCode.c,20 :: 		if(PIR1&0x04){//CCP1 interrupt
0x001E	0x1D0C      	BTFSS      PIR1, 2
0x001F	0x2847      	GOTO       L_interrupt1
;ProjectConnectFourCode.c,21 :: 		if(HL){ //high
0x0020	0x082B      	MOVF       _HL, 0
0x0021	0x1903      	BTFSC      STATUS, 2
0x0022	0x2830      	GOTO       L_interrupt2
;ProjectConnectFourCode.c,22 :: 		CCPR1H= angle >>8;
0x0023	0x082A      	MOVF       _angle+1, 0
0x0024	0x00F0      	MOVWF      R0
0x0025	0x01F1      	CLRF       R0+1
0x0026	0x0870      	MOVF       R0, 0
0x0027	0x0096      	MOVWF      CCPR1H
;ProjectConnectFourCode.c,23 :: 		CCPR1L= angle;
0x0028	0x0829      	MOVF       _angle, 0
0x0029	0x0095      	MOVWF      CCPR1L
;ProjectConnectFourCode.c,24 :: 		HL=0;//next time low
0x002A	0x01AB      	CLRF       _HL
;ProjectConnectFourCode.c,25 :: 		CCP1CON=0x09;//next time Falling edge
0x002B	0x3009      	MOVLW      9
0x002C	0x0097      	MOVWF      CCP1CON
;ProjectConnectFourCode.c,26 :: 		TMR1H=0;
0x002D	0x018F      	CLRF       TMR1H
;ProjectConnectFourCode.c,27 :: 		TMR1L=0;
0x002E	0x018E      	CLRF       TMR1L
;ProjectConnectFourCode.c,28 :: 		}
0x002F	0x2845      	GOTO       L_interrupt3
L_interrupt2:
;ProjectConnectFourCode.c,30 :: 		CCPR1H= (40000 - angle) >>8;
0x0030	0x0829      	MOVF       _angle, 0
0x0031	0x3C40      	SUBLW      64
0x0032	0x00F3      	MOVWF      R3
0x0033	0x082A      	MOVF       _angle+1, 0
0x0034	0x1C03      	BTFSS      STATUS, 0
0x0035	0x3E01      	ADDLW      1
0x0036	0x3C9C      	SUBLW      156
0x0037	0x00F4      	MOVWF      R3+1
0x0038	0x0874      	MOVF       R3+1, 0
0x0039	0x00F0      	MOVWF      R0
0x003A	0x01F1      	CLRF       R0+1
0x003B	0x0870      	MOVF       R0, 0
0x003C	0x0096      	MOVWF      CCPR1H
;ProjectConnectFourCode.c,31 :: 		CCPR1L= (40000 - angle);
0x003D	0x0873      	MOVF       R3, 0
0x003E	0x0095      	MOVWF      CCPR1L
;ProjectConnectFourCode.c,32 :: 		CCP1CON=0x08; //next time rising edge
0x003F	0x3008      	MOVLW      8
0x0040	0x0097      	MOVWF      CCP1CON
;ProjectConnectFourCode.c,33 :: 		HL=1; //next time High
0x0041	0x3001      	MOVLW      1
0x0042	0x00AB      	MOVWF      _HL
;ProjectConnectFourCode.c,34 :: 		TMR1H=0;
0x0043	0x018F      	CLRF       TMR1H
;ProjectConnectFourCode.c,35 :: 		TMR1L=0;
0x0044	0x018E      	CLRF       TMR1L
;ProjectConnectFourCode.c,37 :: 		}
L_interrupt3:
;ProjectConnectFourCode.c,39 :: 		PIR1=PIR1&0xFB;
0x0045	0x30FB      	MOVLW      251
0x0046	0x058C      	ANDWF      PIR1, 1
;ProjectConnectFourCode.c,40 :: 		}
L_interrupt1:
;ProjectConnectFourCode.c,41 :: 		if(PIR1&0x01){//TMR1 ovwerflow
0x0047	0x1C0C      	BTFSS      PIR1, 0
0x0048	0x284B      	GOTO       L_interrupt4
;ProjectConnectFourCode.c,44 :: 		PIR1=PIR1&0xFE;
0x0049	0x30FE      	MOVLW      254
0x004A	0x058C      	ANDWF      PIR1, 1
;ProjectConnectFourCode.c,45 :: 		}
L_interrupt4:
;ProjectConnectFourCode.c,47 :: 		}
L_end_interrupt:
L__interrupt25:
0x004B	0x0824      	MOVF       36, 0
0x004C	0x00F0      	MOVWF      R0
0x004D	0x0823      	MOVF       35, 0
0x004E	0x00F1      	MOVWF      R1
0x004F	0x0822      	MOVF       34, 0
0x0050	0x00F2      	MOVWF      R2
0x0051	0x0821      	MOVF       33, 0
0x0052	0x00F3      	MOVWF      R3
0x0053	0x0820      	MOVF       32, 0
0x0054	0x00F4      	MOVWF      R4
0x0055	0x0832      	MOVF       ___savePCLATH, 0
0x0056	0x008A      	MOVWF      PCLATH
0x0057	0x0E31      	SWAPF      ___saveSTATUS, 0
0x0058	0x0083      	MOVWF      STATUS
0x0059	0x0EFF      	SWAPF      R15, 1
0x005A	0x0E7F      	SWAPF      R15, 0
0x005B	0x0009      	RETFIE
; end of _interrupt
_Div_16x16_S_L:
;__Lib_Math.c,420 :: 		
;__Lib_Math.c,426 :: 		
0x005C	0x0D71      	RLF        R1, 0
;__Lib_Math.c,427 :: 		
0x005D	0x0DF8      	RLF        R8, 1
;__Lib_Math.c,428 :: 		
0x005E	0x0DF9      	RLF        R9, 1
;__Lib_Math.c,429 :: 		
0x005F	0x0874      	MOVF       R4, 0
;__Lib_Math.c,430 :: 		
0x0060	0x02F8      	SUBWF      R8, 1
;__Lib_Math.c,431 :: 		
0x0061	0x0875      	MOVF       R5, 0
;__Lib_Math.c,432 :: 		
0x0062	0x1C03      	BTFSS      STATUS, 0
;__Lib_Math.c,433 :: 		
0x0063	0x0F75      	INCFSZ     R5, 0
;__Lib_Math.c,434 :: 		
0x0064	0x02F9      	SUBWF      R9, 1
;__Lib_Math.c,435 :: 		
0x0065	0x0DF0      	RLF        R0, 1
;__Lib_Math.c,436 :: 		
0x0066	0x0DF1      	RLF        R1, 1
;__Lib_Math.c,438 :: 		
0x0067	0x300F      	MOVLW      15
;__Lib_Math.c,439 :: 		
0x0068	0x00FC      	MOVWF      R12
;__Lib_Math.c,441 :: 		
0x0069	0x0D71      	RLF        R1, 0
;__Lib_Math.c,442 :: 		
0x006A	0x0DF8      	RLF        R8, 1
;__Lib_Math.c,443 :: 		
0x006B	0x0DF9      	RLF        R9, 1
;__Lib_Math.c,444 :: 		
0x006C	0x0874      	MOVF       R4, 0
;__Lib_Math.c,446 :: 		
0x006D	0x1C70      	BTFSS      R0, 0
;__Lib_Math.c,447 :: 		
0x006E	0x2875      	GOTO       $+7
;__Lib_Math.c,448 :: 		
0x006F	0x02F8      	SUBWF      R8, 1
;__Lib_Math.c,449 :: 		
0x0070	0x0875      	MOVF       R5, 0
;__Lib_Math.c,450 :: 		
0x0071	0x1C03      	BTFSS      STATUS, 0
;__Lib_Math.c,451 :: 		
0x0072	0x0F75      	INCFSZ     R5, 0
;__Lib_Math.c,452 :: 		
0x0073	0x02F9      	SUBWF      R9, 1
;__Lib_Math.c,453 :: 		
0x0074	0x287A      	GOTO       $+6
;__Lib_Math.c,455 :: 		
0x0075	0x07F8      	ADDWF      R8, 1
;__Lib_Math.c,456 :: 		
0x0076	0x0875      	MOVF       R5, 0
;__Lib_Math.c,457 :: 		
0x0077	0x1803      	BTFSC      STATUS, 0
;__Lib_Math.c,458 :: 		
0x0078	0x0F75      	INCFSZ     R5, 0
;__Lib_Math.c,459 :: 		
0x0079	0x07F9      	ADDWF      R9, 1
;__Lib_Math.c,461 :: 		
0x007A	0x0DF0      	RLF        R0, 1
;__Lib_Math.c,462 :: 		
0x007B	0x0DF1      	RLF        R1, 1
;__Lib_Math.c,464 :: 		
0x007C	0x0BFC      	DECFSZ     R12, 1
;__Lib_Math.c,465 :: 		
0x007D	0x2869      	GOTO       $-20
;__Lib_Math.c,467 :: 		
0x007E	0x1870      	BTFSC      R0, 0
;__Lib_Math.c,468 :: 		
0x007F	0x2886      	GOTO       $+7
;__Lib_Math.c,469 :: 		
0x0080	0x0874      	MOVF       R4, 0
;__Lib_Math.c,470 :: 		
0x0081	0x07F8      	ADDWF      R8, 1
;__Lib_Math.c,471 :: 		
0x0082	0x0875      	MOVF       R5, 0
;__Lib_Math.c,472 :: 		
0x0083	0x1803      	BTFSC      STATUS, 0
;__Lib_Math.c,473 :: 		
0x0084	0x0F75      	INCFSZ     R5, 0
;__Lib_Math.c,474 :: 		
0x0085	0x07F9      	ADDWF      R9, 1
;__Lib_Math.c,475 :: 		
0x0086	0x0000      	NOP
;__Lib_Math.c,477 :: 		
L_end_Div_16x16_S_L:
0x0087	0x0008      	RETURN
; end of _Div_16x16_S_L
_srand:
;__Lib_CStdlib.c,301 :: 		
;__Lib_CStdlib.c,302 :: 		
0x0088	0x1283      	BCF        STATUS, 5
0x0089	0x1303      	BCF        STATUS, 6
0x008A	0x0838      	MOVF       FARG_srand_x, 0
0x008B	0x00A5      	MOVWF      __Lib_CStdlib_randx
0x008C	0x0839      	MOVF       FARG_srand_x+1, 0
0x008D	0x00A6      	MOVWF      __Lib_CStdlib_randx+1
0x008E	0x01A7      	CLRF       __Lib_CStdlib_randx+2
0x008F	0x01A8      	CLRF       __Lib_CStdlib_randx+3
;__Lib_CStdlib.c,303 :: 		
0x0090	0x3001      	MOVLW      1
0x0091	0x00AC      	MOVWF      __Lib_CStdlib_randf
;__Lib_CStdlib.c,304 :: 		
L_end_srand:
0x0092	0x0008      	RETURN
; end of _srand
_Mul_32x32_U:
;__Lib_Math.c,1774 :: 		
;__Lib_Math.c,1789 :: 		
0x0093	0x1283      	BCF        STATUS, 5
;__Lib_Math.c,1790 :: 		
0x0094	0x1303      	BCF        STATUS, 6
;__Lib_Math.c,1791 :: 		
0x0095	0x3022      	MOVLW      34
;__Lib_Math.c,1792 :: 		
0x0096	0x00FC      	MOVWF      R12
;__Lib_Math.c,1793 :: 		
0x0097	0x01F8      	CLRF       R8
;__Lib_Math.c,1794 :: 		
0x0098	0x01F9      	CLRF       R9
;__Lib_Math.c,1795 :: 		
0x0099	0x01FA      	CLRF       R10
;__Lib_Math.c,1796 :: 		
0x009A	0x01FB      	CLRF       R11
;__Lib_Math.c,1798 :: 		
_NEXT:
;__Lib_Math.c,1802 :: 		
0x009B	0x03FC      	DECF       R12, 1
;__Lib_Math.c,1803 :: 		
0x009C	0x1903      	BTFSC      STATUS, 2
;__Lib_Math.c,1804 :: 		
0x009D	0x28C9      	GOTO       _EXIT2
;__Lib_Math.c,1805 :: 		
0x009E	0x1003      	BCF        STATUS, 0
;__Lib_Math.c,1807 :: 		
_LOOP:
;__Lib_Math.c,1816 :: 		
0x009F	0x0CFB      	RRF        R11, 1
;__Lib_Math.c,1817 :: 		
0x00A0	0x0CFA      	RRF        R10, 1
;__Lib_Math.c,1818 :: 		
0x00A1	0x0CF9      	RRF        R9, 1
;__Lib_Math.c,1819 :: 		
0x00A2	0x0CF8      	RRF        R8, 1
;__Lib_Math.c,1820 :: 		
0x00A3	0x0CF3      	RRF        R3, 1
;__Lib_Math.c,1821 :: 		
0x00A4	0x0CF2      	RRF        R2, 1
;__Lib_Math.c,1822 :: 		
0x00A5	0x0CF1      	RRF        R1, 1
;__Lib_Math.c,1823 :: 		
0x00A6	0x0CF0      	RRF        R0, 1
;__Lib_Math.c,1828 :: 		
0x00A7	0x1C03      	BTFSS      STATUS, 0
;__Lib_Math.c,1829 :: 		
0x00A8	0x289B      	GOTO       _NEXT
;__Lib_Math.c,1830 :: 		
0x00A9	0x03FC      	DECF       R12, 1
;__Lib_Math.c,1831 :: 		
0x00AA	0x1903      	BTFSC      STATUS, 2
;__Lib_Math.c,1832 :: 		
0x00AB	0x28BB      	GOTO       _EXIT1
;__Lib_Math.c,1839 :: 		
0x00AC	0x0874      	MOVF       R4, 0
;__Lib_Math.c,1840 :: 		
0x00AD	0x07F8      	ADDWF      R8, 1
;__Lib_Math.c,1841 :: 		
0x00AE	0x0875      	MOVF       R5, 0
;__Lib_Math.c,1842 :: 		
0x00AF	0x1803      	BTFSC      STATUS, 0
;__Lib_Math.c,1843 :: 		
0x00B0	0x0F75      	INCFSZ     R5, 0
;__Lib_Math.c,1844 :: 		
0x00B1	0x07F9      	ADDWF      R9, 1
;__Lib_Math.c,1845 :: 		
0x00B2	0x0876      	MOVF       R6, 0
;__Lib_Math.c,1846 :: 		
0x00B3	0x1803      	BTFSC      STATUS, 0
;__Lib_Math.c,1847 :: 		
0x00B4	0x0F76      	INCFSZ     R6, 0
;__Lib_Math.c,1848 :: 		
0x00B5	0x07FA      	ADDWF      R10, 1
;__Lib_Math.c,1849 :: 		
0x00B6	0x0877      	MOVF       R7, 0
;__Lib_Math.c,1850 :: 		
0x00B7	0x1803      	BTFSC      STATUS, 0
;__Lib_Math.c,1851 :: 		
0x00B8	0x0F77      	INCFSZ     R7, 0
;__Lib_Math.c,1852 :: 		
0x00B9	0x07FB      	ADDWF      R11, 1
;__Lib_Math.c,1854 :: 		
0x00BA	0x289F      	GOTO       _LOOP
;__Lib_Math.c,1856 :: 		
_EXIT1:
;__Lib_Math.c,1861 :: 		
0x00BB	0x0874      	MOVF       R4, 0
;__Lib_Math.c,1862 :: 		
0x00BC	0x07F8      	ADDWF      R8, 1
;__Lib_Math.c,1863 :: 		
0x00BD	0x0875      	MOVF       R5, 0
;__Lib_Math.c,1864 :: 		
0x00BE	0x1803      	BTFSC      STATUS, 0
;__Lib_Math.c,1865 :: 		
0x00BF	0x0F75      	INCFSZ     R5, 0
;__Lib_Math.c,1866 :: 		
0x00C0	0x07F9      	ADDWF      R9, 1
;__Lib_Math.c,1867 :: 		
0x00C1	0x0876      	MOVF       R6, 0
;__Lib_Math.c,1868 :: 		
0x00C2	0x1803      	BTFSC      STATUS, 0
;__Lib_Math.c,1869 :: 		
0x00C3	0x0F76      	INCFSZ     R6, 0
;__Lib_Math.c,1870 :: 		
0x00C4	0x07FA      	ADDWF      R10, 1
;__Lib_Math.c,1871 :: 		
0x00C5	0x0877      	MOVF       R7, 0
;__Lib_Math.c,1872 :: 		
0x00C6	0x1803      	BTFSC      STATUS, 0
;__Lib_Math.c,1873 :: 		
0x00C7	0x0F77      	INCFSZ     R7, 0
;__Lib_Math.c,1874 :: 		
0x00C8	0x07FB      	ADDWF      R11, 1
;__Lib_Math.c,1877 :: 		
_EXIT2:
;__Lib_Math.c,1879 :: 		
L_end_Mul_32x32_U:
0x00C9	0x0008      	RETURN
; end of _Mul_32x32_U
_mymsDelay:
;ProjectConnectFourCode.c,130 :: 		void mymsDelay(unsigned int dcntr){
;ProjectConnectFourCode.c,131 :: 		tick=0;
0x00CA	0x1283      	BCF        STATUS, 5
0x00CB	0x1303      	BCF        STATUS, 6
0x00CC	0x01AF      	CLRF       _tick
0x00CD	0x01B0      	CLRF       _tick+1
;ProjectConnectFourCode.c,132 :: 		while(tick< dcntr);
L_mymsDelay22:
0x00CE	0x0837      	MOVF       FARG_mymsDelay_dcntr+1, 0
0x00CF	0x0230      	SUBWF      _tick+1, 0
0x00D0	0x1D03      	BTFSS      STATUS, 2
0x00D1	0x28D4      	GOTO       L__mymsDelay28
0x00D2	0x0836      	MOVF       FARG_mymsDelay_dcntr, 0
0x00D3	0x022F      	SUBWF      _tick, 0
L__mymsDelay28:
0x00D4	0x1803      	BTFSC      STATUS, 0
0x00D5	0x28D7      	GOTO       L_mymsDelay23
0x00D6	0x28CE      	GOTO       L_mymsDelay22
L_mymsDelay23:
;ProjectConnectFourCode.c,133 :: 		}
L_end_mymsDelay:
0x00D7	0x0008      	RETURN
; end of _mymsDelay
_rand:
;__Lib_CStdlib.c,307 :: 		
;__Lib_CStdlib.c,308 :: 		
0x00D8	0x1283      	BCF        STATUS, 5
0x00D9	0x1303      	BCF        STATUS, 6
0x00DA	0x082C      	MOVF       __Lib_CStdlib_randf, 0
0x00DB	0x1D03      	BTFSS      STATUS, 2
0x00DC	0x28E2      	GOTO       L_rand75
;__Lib_CStdlib.c,309 :: 		
0x00DD	0x3001      	MOVLW      1
0x00DE	0x00B8      	MOVWF      FARG_srand_x
0x00DF	0x3000      	MOVLW      0
0x00E0	0x00B9      	MOVWF      FARG_srand_x+1
0x00E1	0x2088      	CALL       _srand
L_rand75:
;__Lib_CStdlib.c,310 :: 		
0x00E2	0x0825      	MOVF       __Lib_CStdlib_randx, 0
0x00E3	0x00F0      	MOVWF      R0
0x00E4	0x0826      	MOVF       __Lib_CStdlib_randx+1, 0
0x00E5	0x00F1      	MOVWF      R0+1
0x00E6	0x0827      	MOVF       __Lib_CStdlib_randx+2, 0
0x00E7	0x00F2      	MOVWF      R0+2
0x00E8	0x0828      	MOVF       __Lib_CStdlib_randx+3, 0
0x00E9	0x00F3      	MOVWF      R0+3
0x00EA	0x306D      	MOVLW      109
0x00EB	0x00F4      	MOVWF      R4
0x00EC	0x304E      	MOVLW      78
0x00ED	0x00F5      	MOVWF      R4+1
0x00EE	0x30C6      	MOVLW      198
0x00EF	0x00F6      	MOVWF      R4+2
0x00F0	0x3041      	MOVLW      65
0x00F1	0x00F7      	MOVWF      R4+3
0x00F2	0x2093      	CALL       _Mul_32x32_U
0x00F3	0x3039      	MOVLW      57
0x00F4	0x00F5      	MOVWF      R5
0x00F5	0x3030      	MOVLW      48
0x00F6	0x00F6      	MOVWF      R5+1
0x00F7	0x01F7      	CLRF       R5+2
0x00F8	0x01F8      	CLRF       R5+3
0x00F9	0x0870      	MOVF       R0, 0
0x00FA	0x07F5      	ADDWF      R5, 1
0x00FB	0x0871      	MOVF       R0+1, 0
0x00FC	0x1803      	BTFSC      STATUS, 0
0x00FD	0x0F71      	INCFSZ     R0+1, 0
0x00FE	0x07F6      	ADDWF      R5+1, 1
0x00FF	0x0872      	MOVF       R0+2, 0
0x0100	0x1803      	BTFSC      STATUS, 0
0x0101	0x0F72      	INCFSZ     R0+2, 0
0x0102	0x07F7      	ADDWF      R5+2, 1
0x0103	0x0873      	MOVF       R0+3, 0
0x0104	0x1803      	BTFSC      STATUS, 0
0x0105	0x0F73      	INCFSZ     R0+3, 0
0x0106	0x07F8      	ADDWF      R5+3, 1
0x0107	0x0877      	MOVF       R5+2, 0
0x0108	0x00F0      	MOVWF      R0
0x0109	0x0878      	MOVF       R5+3, 0
0x010A	0x00F1      	MOVWF      R0+1
0x010B	0x3000      	MOVLW      0
0x010C	0x1BF8      	BTFSC      R5+3, 7
0x010D	0x30FF      	MOVLW      255
0x010E	0x00F2      	MOVWF      R0+2
0x010F	0x00F3      	MOVWF      R0+3
0x0110	0x30FF      	MOVLW      255
0x0111	0x05F0      	ANDWF      R0, 1
0x0112	0x307F      	MOVLW      127
0x0113	0x05F1      	ANDWF      R0+1, 1
0x0114	0x3000      	MOVLW      0
0x0115	0x05F2      	ANDWF      R0+2, 1
0x0116	0x05F3      	ANDWF      R0+3, 1
0x0117	0x0870      	MOVF       R0, 0
0x0118	0x00A5      	MOVWF      __Lib_CStdlib_randx
0x0119	0x0871      	MOVF       R0+1, 0
0x011A	0x00A6      	MOVWF      __Lib_CStdlib_randx+1
0x011B	0x0872      	MOVF       R0+2, 0
0x011C	0x00A7      	MOVWF      __Lib_CStdlib_randx+2
0x011D	0x0873      	MOVF       R0+3, 0
0x011E	0x00A8      	MOVWF      __Lib_CStdlib_randx+3
;__Lib_CStdlib.c,311 :: 		
;__Lib_CStdlib.c,312 :: 		
L_end_rand:
0x011F	0x0008      	RETURN
; end of _rand
_Div_16x16_S:
;__Lib_Math.c,479 :: 		
;__Lib_Math.c,487 :: 		
0x0120	0x1283      	BCF        STATUS, 5
0x0121	0x1303      	BCF        STATUS, 6
0x0122	0x0874      	MOVF       R4, 0
0x0123	0x3A00      	XORLW      0
0x0124	0x1D03      	BTFSS      STATUS, 2
0x0125	0x292F      	GOTO       L_Div_16x16_S0
;__Lib_Math.c,488 :: 		
0x0126	0x0875      	MOVF       R5, 0
0x0127	0x3A00      	XORLW      0
0x0128	0x1D03      	BTFSS      STATUS, 2
0x0129	0x292F      	GOTO       L_Div_16x16_S1
;__Lib_Math.c,489 :: 		
0x012A	0x30FF      	MOVLW      255
0x012B	0x00F0      	MOVWF      R0
;__Lib_Math.c,490 :: 		
0x012C	0x307F      	MOVLW      127
0x012D	0x00F1      	MOVWF      R1
;__Lib_Math.c,491 :: 		
0x012E	0x2988      	GOTO       L_end_Div_16x16_S
;__Lib_Math.c,492 :: 		
L_Div_16x16_S1:
L_Div_16x16_S0:
;__Lib_Math.c,495 :: 		
0x012F	0x1283      	BCF        STATUS, 5
;__Lib_Math.c,496 :: 		
0x0130	0x1303      	BCF        STATUS, 6
;__Lib_Math.c,497 :: 		
0x0131	0x01FD      	CLRF       R13
;__Lib_Math.c,498 :: 		
0x0132	0x01F9      	CLRF       R9
;__Lib_Math.c,499 :: 		
0x0133	0x01F8      	CLRF       R8
;__Lib_Math.c,500 :: 		
0x0134	0x0871      	MOVF       R1, 0
;__Lib_Math.c,501 :: 		
0x0135	0x0470      	IORWF      R0, 0
;__Lib_Math.c,502 :: 		
0x0136	0x1903      	BTFSC      STATUS, 2
;__Lib_Math.c,503 :: 		
0x0137	0x3400      	RETLW      0
;__Lib_Math.c,505 :: 		
0x0138	0x0871      	MOVF       R1, 0
;__Lib_Math.c,506 :: 		
0x0139	0x0675      	XORWF      R5, 0
;__Lib_Math.c,507 :: 		
0x013A	0x00FA      	MOVWF      R10
;__Lib_Math.c,508 :: 		
0x013B	0x1BFA      	BTFSC      R10, 7
;__Lib_Math.c,509 :: 		
0x013C	0x09FD      	COMF       R13, 1
;__Lib_Math.c,511 :: 		
0x013D	0x01FB      	CLRF       R11
;__Lib_Math.c,513 :: 		
0x013E	0x1FF5      	BTFSS      R5, 7
;__Lib_Math.c,514 :: 		
0x013F	0x2945      	GOTO       $+6
;__Lib_Math.c,516 :: 		
0x0140	0x09F4      	COMF       R4, 1
;__Lib_Math.c,517 :: 		
0x0141	0x09F5      	COMF       R5, 1
;__Lib_Math.c,518 :: 		
0x0142	0x0AF4      	INCF       R4, 1
;__Lib_Math.c,519 :: 		
0x0143	0x1903      	BTFSC      STATUS, 2
;__Lib_Math.c,520 :: 		
0x0144	0x0AF5      	INCF       R5, 1
;__Lib_Math.c,522 :: 		
0x0145	0x1FF1      	BTFSS      R1, 7
;__Lib_Math.c,523 :: 		
0x0146	0x294C      	GOTO       $+6
;__Lib_Math.c,525 :: 		
0x0147	0x09F0      	COMF       R0, 1
;__Lib_Math.c,526 :: 		
0x0148	0x09F1      	COMF       R1, 1
;__Lib_Math.c,527 :: 		
0x0149	0x0AF0      	INCF       R0, 1
;__Lib_Math.c,528 :: 		
0x014A	0x1903      	BTFSC      STATUS, 2
;__Lib_Math.c,529 :: 		
0x014B	0x0AF1      	INCF       R1, 1
;__Lib_Math.c,531 :: 		
0x014C	0x0871      	MOVF       R1, 0
;__Lib_Math.c,532 :: 		
0x014D	0x0475      	IORWF      R5, 0
;__Lib_Math.c,533 :: 		
0x014E	0x00FA      	MOVWF      R10
;__Lib_Math.c,534 :: 		
0x014F	0x1BFA      	BTFSC      R10, 7
;__Lib_Math.c,535 :: 		
0x0150	0x2961      	GOTO       $+17
;__Lib_Math.c,537 :: 		
0x0151	0x205C      	CALL       _Div_16x16_S_L
;__Lib_Math.c,539 :: 		
0x0152	0x187B      	BTFSC      R11, 0
;__Lib_Math.c,540 :: 		
0x0153	0x2974      	GOTO       $+33
;__Lib_Math.c,542 :: 		
0x0154	0x1FFD      	BTFSS      R13, 7
;__Lib_Math.c,543 :: 		
0x0155	0x3400      	RETLW      0
;__Lib_Math.c,545 :: 		
0x0156	0x09F0      	COMF       R0, 1
;__Lib_Math.c,546 :: 		
0x0157	0x09F1      	COMF       R1, 1
;__Lib_Math.c,547 :: 		
0x0158	0x0AF0      	INCF       R0, 1
;__Lib_Math.c,548 :: 		
0x0159	0x1903      	BTFSC      STATUS, 2
;__Lib_Math.c,549 :: 		
0x015A	0x0AF1      	INCF       R1, 1
;__Lib_Math.c,551 :: 		
0x015B	0x09F8      	COMF       R8, 1
;__Lib_Math.c,552 :: 		
0x015C	0x09F9      	COMF       R9, 1
;__Lib_Math.c,553 :: 		
0x015D	0x0AF8      	INCF       R8, 1
;__Lib_Math.c,554 :: 		
0x015E	0x1903      	BTFSC      STATUS, 2
;__Lib_Math.c,555 :: 		
0x015F	0x0AF9      	INCF       R9, 1
;__Lib_Math.c,557 :: 		
0x0160	0x3400      	RETLW      0
;__Lib_Math.c,559 :: 		
0x0161	0x1FF5      	BTFSS      R5, 7
;__Lib_Math.c,560 :: 		
0x0162	0x2970      	GOTO       $+14
;__Lib_Math.c,561 :: 		
0x0163	0x1BF1      	BTFSC      R1, 7
;__Lib_Math.c,562 :: 		
0x0164	0x296C      	GOTO       $+8
;__Lib_Math.c,563 :: 		
0x0165	0x0871      	MOVF       R1, 0
;__Lib_Math.c,564 :: 		
0x0166	0x00F9      	MOVWF      R9
;__Lib_Math.c,565 :: 		
0x0167	0x0870      	MOVF       R0, 0
;__Lib_Math.c,566 :: 		
0x0168	0x00F8      	MOVWF      R8
;__Lib_Math.c,567 :: 		
0x0169	0x01F1      	CLRF       R1
;__Lib_Math.c,568 :: 		
0x016A	0x01F0      	CLRF       R0
;__Lib_Math.c,569 :: 		
0x016B	0x2954      	GOTO       $-23
;__Lib_Math.c,570 :: 		
0x016C	0x01F1      	CLRF       R1
;__Lib_Math.c,571 :: 		
0x016D	0x01F0      	CLRF       R0
;__Lib_Math.c,572 :: 		
0x016E	0x0AF0      	INCF       R0, 1
;__Lib_Math.c,573 :: 		
0x016F	0x3400      	RETLW      0
;__Lib_Math.c,575 :: 		
0x0170	0x09F1      	COMF       R1, 1
;__Lib_Math.c,576 :: 		
0x0171	0x09F0      	COMF       R0, 1
;__Lib_Math.c,577 :: 		
0x0172	0x0AFB      	INCF       R11, 1
;__Lib_Math.c,578 :: 		
0x0173	0x2951      	GOTO       $-34
;__Lib_Math.c,580 :: 		
0x0174	0x0AF8      	INCF       R8, 1
;__Lib_Math.c,581 :: 		
0x0175	0x1903      	BTFSC      STATUS, 2
;__Lib_Math.c,582 :: 		
0x0176	0x0AF9      	INCF       R9, 1
;__Lib_Math.c,583 :: 		
0x0177	0x0874      	MOVF       R4, 0
;__Lib_Math.c,584 :: 		
0x0178	0x0278      	SUBWF      R8, 0
;__Lib_Math.c,585 :: 		
0x0179	0x1D03      	BTFSS      STATUS, 2
;__Lib_Math.c,586 :: 		
0x017A	0x2954      	GOTO       $-38
;__Lib_Math.c,587 :: 		
0x017B	0x0875      	MOVF       R5, 0
;__Lib_Math.c,588 :: 		
0x017C	0x0279      	SUBWF      R9, 0
;__Lib_Math.c,589 :: 		
0x017D	0x1D03      	BTFSS      STATUS, 2
;__Lib_Math.c,590 :: 		
0x017E	0x2954      	GOTO       $-42
;__Lib_Math.c,591 :: 		
0x017F	0x01F9      	CLRF       R9
;__Lib_Math.c,592 :: 		
0x0180	0x01F8      	CLRF       R8
;__Lib_Math.c,593 :: 		
0x0181	0x0AF0      	INCF       R0, 1
;__Lib_Math.c,594 :: 		
0x0182	0x1903      	BTFSC      STATUS, 2
;__Lib_Math.c,595 :: 		
0x0183	0x0AF1      	INCF       R1, 1
;__Lib_Math.c,596 :: 		
0x0184	0x1FF1      	BTFSS      R1, 7
;__Lib_Math.c,597 :: 		
0x0185	0x2954      	GOTO       $-49
;__Lib_Math.c,598 :: 		
0x0186	0x0000      	NOP
;__Lib_Math.c,599 :: 		
0x0187	0x34FF      	RETLW      255
;__Lib_Math.c,601 :: 		
L_end_Div_16x16_S:
0x0188	0x0008      	RETURN
; end of _Div_16x16_S
_main:
;ProjectConnectFourCode.c,48 :: 		void main ()
;ProjectConnectFourCode.c,54 :: 		TMR0=248;
0x0189	0x30F8      	MOVLW      248
0x018A	0x1283      	BCF        STATUS, 5
0x018B	0x1303      	BCF        STATUS, 6
0x018C	0x0081      	MOVWF      TMR0
;ProjectConnectFourCode.c,55 :: 		TRISD=0x00;
0x018D	0x1683      	BSF        STATUS, 5
0x018E	0x0188      	CLRF       TRISD
;ProjectConnectFourCode.c,56 :: 		PORTD=0x00;
0x018F	0x1283      	BCF        STATUS, 5
0x0190	0x0188      	CLRF       PORTD
;ProjectConnectFourCode.c,57 :: 		TRISC=0x00;
0x0191	0x1683      	BSF        STATUS, 5
0x0192	0x0187      	CLRF       TRISC
;ProjectConnectFourCode.c,58 :: 		PORTC =0x00;
0x0193	0x1283      	BCF        STATUS, 5
0x0194	0x0187      	CLRF       PORTC
;ProjectConnectFourCode.c,59 :: 		TRISB = 0xFF ;
0x0195	0x30FF      	MOVLW      255
0x0196	0x1683      	BSF        STATUS, 5
0x0197	0x0086      	MOVWF      TRISB
;ProjectConnectFourCode.c,60 :: 		PORTB = 0xFF ;
0x0198	0x30FF      	MOVLW      255
0x0199	0x1283      	BCF        STATUS, 5
0x019A	0x0086      	MOVWF      PORTB
;ProjectConnectFourCode.c,61 :: 		while(1)
L_main5:
;ProjectConnectFourCode.c,64 :: 		if(PORTB = 0xff ){
0x019B	0x30FF      	MOVLW      255
0x019C	0x0086      	MOVWF      PORTB
0x019D	0x0806      	MOVF       PORTB, 0
0x019E	0x1903      	BTFSC      STATUS, 2
0x019F	0x29A2      	GOTO       L_main7
;ProjectConnectFourCode.c,65 :: 		PORTD =0x00;
0x01A0	0x0188      	CLRF       PORTD
;ProjectConnectFourCode.c,66 :: 		}
0x01A1	0x2A0F      	GOTO       L_main8
L_main7:
;ProjectConnectFourCode.c,67 :: 		else if( PORTB == 0x00 )
0x01A2	0x0806      	MOVF       PORTB, 0
0x01A3	0x3A00      	XORLW      0
0x01A4	0x1D03      	BTFSS      STATUS, 2
0x01A5	0x2A0F      	GOTO       L_main9
;ProjectConnectFourCode.c,69 :: 		rd = (rand () %7)+1 ;
0x01A6	0x20D8      	CALL       _rand
0x01A7	0x3007      	MOVLW      7
0x01A8	0x00F4      	MOVWF      R4
0x01A9	0x3000      	MOVLW      0
0x01AA	0x00F5      	MOVWF      R4+1
0x01AB	0x2120      	CALL       _Div_16x16_S
0x01AC	0x0878      	MOVF       R8, 0
0x01AD	0x00F0      	MOVWF      R0
0x01AE	0x0879      	MOVF       R8+1, 0
0x01AF	0x00F1      	MOVWF      R0+1
0x01B0	0x0A70      	INCF       R0, 0
0x01B1	0x00B5      	MOVWF      main_rd_L0
;ProjectConnectFourCode.c,72 :: 		PORTD =0x01;
0x01B2	0x3001      	MOVLW      1
0x01B3	0x0088      	MOVWF      PORTD
;ProjectConnectFourCode.c,73 :: 		for( st1=0 ;st1 <rd;st1++)
0x01B4	0x01B3      	CLRF       main_st1_L0
L_main10:
0x01B5	0x0835      	MOVF       main_rd_L0, 0
0x01B6	0x0233      	SUBWF      main_st1_L0, 0
0x01B7	0x1803      	BTFSC      STATUS, 0
0x01B8	0x29D0      	GOTO       L_main11
;ProjectConnectFourCode.c,75 :: 		for( st2=0 ;st2 <240;st2++)
0x01B9	0x01B4      	CLRF       main_st2_L0
L_main13:
0x01BA	0x30F0      	MOVLW      240
0x01BB	0x0234      	SUBWF      main_st2_L0, 0
0x01BC	0x1803      	BTFSC      STATUS, 0
0x01BD	0x29CE      	GOTO       L_main14
;ProjectConnectFourCode.c,77 :: 		PORTD=0x03;
0x01BE	0x3003      	MOVLW      3
0x01BF	0x0088      	MOVWF      PORTD
;ProjectConnectFourCode.c,78 :: 		mymsDelay(1);
0x01C0	0x3001      	MOVLW      1
0x01C1	0x00B6      	MOVWF      FARG_mymsDelay_dcntr
0x01C2	0x3000      	MOVLW      0
0x01C3	0x00B7      	MOVWF      FARG_mymsDelay_dcntr+1
0x01C4	0x20CA      	CALL       _mymsDelay
;ProjectConnectFourCode.c,79 :: 		PORTD=0x01;
0x01C5	0x3001      	MOVLW      1
0x01C6	0x0088      	MOVWF      PORTD
;ProjectConnectFourCode.c,80 :: 		mymsDelay(1);
0x01C7	0x3001      	MOVLW      1
0x01C8	0x00B6      	MOVWF      FARG_mymsDelay_dcntr
0x01C9	0x3000      	MOVLW      0
0x01CA	0x00B7      	MOVWF      FARG_mymsDelay_dcntr+1
0x01CB	0x20CA      	CALL       _mymsDelay
;ProjectConnectFourCode.c,75 :: 		for( st2=0 ;st2 <240;st2++)
0x01CC	0x0AB4      	INCF       main_st2_L0, 1
;ProjectConnectFourCode.c,82 :: 		}
0x01CD	0x29BA      	GOTO       L_main13
L_main14:
;ProjectConnectFourCode.c,73 :: 		for( st1=0 ;st1 <rd;st1++)
0x01CE	0x0AB3      	INCF       main_st1_L0, 1
;ProjectConnectFourCode.c,83 :: 		}
0x01CF	0x29B5      	GOTO       L_main10
L_main11:
;ProjectConnectFourCode.c,86 :: 		TMR1H=0;
0x01D0	0x018F      	CLRF       TMR1H
;ProjectConnectFourCode.c,87 :: 		TMR1L=0;
0x01D1	0x018E      	CLRF       TMR1L
;ProjectConnectFourCode.c,90 :: 		HL=1; //start high
0x01D2	0x3001      	MOVLW      1
0x01D3	0x00AB      	MOVWF      _HL
;ProjectConnectFourCode.c,91 :: 		CCP1CON=0x08;//
0x01D4	0x3008      	MOVLW      8
0x01D5	0x0097      	MOVWF      CCP1CON
;ProjectConnectFourCode.c,95 :: 		T1CON=0x01;//TMR1 On Fosc/4 (inc 0.5uS) with 0 prescaler (TMR1 overflow after 0xFFFF counts ==65535)==> 32.767ms
0x01D6	0x3001      	MOVLW      1
0x01D7	0x0090      	MOVWF      T1CON
;ProjectConnectFourCode.c,97 :: 		INTCON=0x20;//enable TMR0 overflow, TMR1 overflow, External interrupts and peripheral interrupts;
0x01D8	0x3020      	MOVLW      32
0x01D9	0x008B      	MOVWF      INTCON
;ProjectConnectFourCode.c,98 :: 		PIE1=PIE1|0x04;// Enable CCP1 interrupts
0x01DA	0x1683      	BSF        STATUS, 5
0x01DB	0x150C      	BSF        PIE1, 2
;ProjectConnectFourCode.c,99 :: 		CCPR1H=2000>>8;
0x01DC	0x3007      	MOVLW      7
0x01DD	0x1283      	BCF        STATUS, 5
0x01DE	0x0096      	MOVWF      CCPR1H
;ProjectConnectFourCode.c,100 :: 		CCPR1L=2000;
0x01DF	0x30D0      	MOVLW      208
0x01E0	0x0095      	MOVWF      CCPR1L
;ProjectConnectFourCode.c,105 :: 		angle=4800;
0x01E1	0x30C0      	MOVLW      192
0x01E2	0x00A9      	MOVWF      _angle
0x01E3	0x3012      	MOVLW      18
0x01E4	0x00AA      	MOVWF      _angle+1
;ProjectConnectFourCode.c,106 :: 		mymsDelay(900);
0x01E5	0x3084      	MOVLW      132
0x01E6	0x00B6      	MOVWF      FARG_mymsDelay_dcntr
0x01E7	0x3003      	MOVLW      3
0x01E8	0x00B7      	MOVWF      FARG_mymsDelay_dcntr+1
0x01E9	0x20CA      	CALL       _mymsDelay
;ProjectConnectFourCode.c,107 :: 		angle=2400;
0x01EA	0x3060      	MOVLW      96
0x01EB	0x00A9      	MOVWF      _angle
0x01EC	0x3009      	MOVLW      9
0x01ED	0x00AA      	MOVWF      _angle+1
;ProjectConnectFourCode.c,108 :: 		mymsDelay(900);
0x01EE	0x3084      	MOVLW      132
0x01EF	0x00B6      	MOVWF      FARG_mymsDelay_dcntr
0x01F0	0x3003      	MOVLW      3
0x01F1	0x00B7      	MOVWF      FARG_mymsDelay_dcntr+1
0x01F2	0x20CA      	CALL       _mymsDelay
;ProjectConnectFourCode.c,111 :: 		PORTD =0x00;
0x01F3	0x0188      	CLRF       PORTD
;ProjectConnectFourCode.c,113 :: 		for( st1=0 ;st1 <rd;st1++)
0x01F4	0x01B3      	CLRF       main_st1_L0
L_main16:
0x01F5	0x0835      	MOVF       main_rd_L0, 0
0x01F6	0x0233      	SUBWF      main_st1_L0, 0
0x01F7	0x1803      	BTFSC      STATUS, 0
0x01F8	0x2A0F      	GOTO       L_main17
;ProjectConnectFourCode.c,115 :: 		for( st2=0 ;st2 <240;st2++)
0x01F9	0x01B4      	CLRF       main_st2_L0
L_main19:
0x01FA	0x30F0      	MOVLW      240
0x01FB	0x0234      	SUBWF      main_st2_L0, 0
0x01FC	0x1803      	BTFSC      STATUS, 0
0x01FD	0x2A0D      	GOTO       L_main20
;ProjectConnectFourCode.c,118 :: 		PORTD=0x02;
0x01FE	0x3002      	MOVLW      2
0x01FF	0x0088      	MOVWF      PORTD
;ProjectConnectFourCode.c,119 :: 		mymsDelay(1);
0x0200	0x3001      	MOVLW      1
0x0201	0x00B6      	MOVWF      FARG_mymsDelay_dcntr
0x0202	0x3000      	MOVLW      0
0x0203	0x00B7      	MOVWF      FARG_mymsDelay_dcntr+1
0x0204	0x20CA      	CALL       _mymsDelay
;ProjectConnectFourCode.c,120 :: 		PORTD=0x00;
0x0205	0x0188      	CLRF       PORTD
;ProjectConnectFourCode.c,121 :: 		mymsDelay(1);
0x0206	0x3001      	MOVLW      1
0x0207	0x00B6      	MOVWF      FARG_mymsDelay_dcntr
0x0208	0x3000      	MOVLW      0
0x0209	0x00B7      	MOVWF      FARG_mymsDelay_dcntr+1
0x020A	0x20CA      	CALL       _mymsDelay
;ProjectConnectFourCode.c,115 :: 		for( st2=0 ;st2 <240;st2++)
0x020B	0x0AB4      	INCF       main_st2_L0, 1
;ProjectConnectFourCode.c,123 :: 		}
0x020C	0x29FA      	GOTO       L_main19
L_main20:
;ProjectConnectFourCode.c,113 :: 		for( st1=0 ;st1 <rd;st1++)
0x020D	0x0AB3      	INCF       main_st1_L0, 1
;ProjectConnectFourCode.c,124 :: 		}
0x020E	0x29F5      	GOTO       L_main16
L_main17:
;ProjectConnectFourCode.c,125 :: 		}
L_main9:
L_main8:
;ProjectConnectFourCode.c,126 :: 		}
0x020F	0x299B      	GOTO       L_main5
;ProjectConnectFourCode.c,128 :: 		}
L_end_main:
0x0210	0x2A10      	GOTO       $+0
; end of _main
Symbol List:
//** Routines locations **
//ADDRESS    SIZE    PROCEDURE
//----------------------------------------------
0x0004      [88]    _interrupt
0x005C      [44]    _Div_16x16_S_L
0x0088      [11]    _srand
0x0093      [55]    _Mul_32x32_U
0x00CA      [14]    _mymsDelay
0x00D8      [72]    _rand
0x0120     [105]    _Div_16x16_S
0x0189     [136]    _main
//** Variables locations ** 
//ADDRESS    SIZE    VARIABLE
//----------------------------------------------
0x0000       [1]    INDF
0x0001       [1]    TMR0
0x0003       [1]    STATUS
0x0004       [1]    FSR
0x0006       [1]    PORTB
0x0007       [1]    PORTC
0x0008       [1]    PORTD
0x000A       [1]    PCLATH
0x000B       [1]    INTCON
0x000C       [1]    PIR1
0x000E       [1]    TMR1L
0x000F       [1]    TMR1H
0x0010       [1]    T1CON
0x0015       [1]    CCPR1L
0x0016       [1]    CCPR1H
0x0017       [1]    CCP1CON
0x0025       [4]    __Lib_CStdlib_randx
0x0029       [2]    _angle
0x002B       [1]    _HL
0x002C       [1]    __Lib_CStdlib_randf
0x002D       [2]    ___DoICPAddr
0x002F       [2]    _tick
0x0031       [1]    ___saveSTATUS
0x0032       [1]    ___savePCLATH
0x0033       [1]    main_st1_L0
0x0034       [1]    main_st2_L0
0x0035       [1]    main_rd_L0
0x0036       [2]    FARG_mymsDelay_dcntr
0x0038       [2]    FARG_srand_x
0x0070       [1]    R0
0x0071       [1]    R1
0x0072       [1]    R2
0x0073       [1]    R3
0x0074       [1]    R4
0x0075       [1]    R5
0x0076       [1]    R6
0x0077       [1]    R7
0x0078       [1]    R8
0x0079       [1]    R9
0x007A       [1]    R10
0x007B       [1]    R11
0x007C       [1]    R12
0x007D       [1]    R13
0x007E       [1]    R14
0x007F       [1]    R15
0x0086       [1]    TRISB
0x0087       [1]    TRISC
0x0088       [1]    TRISD
0x008C       [1]    PIE1
